
*** Running vivado
    with args -log lab4.vds -m64 -product Vivado -mode batch -messageDb vivado.pb -notrace -source lab4.tcl


****** Vivado v2017.2 (64-bit)
  **** SW Build 1909853 on Thu Jun 15 18:39:09 MDT 2017
  **** IP Build 1909766 on Thu Jun 15 19:58:00 MDT 2017
    ** Copyright 1986-2017 Xilinx, Inc. All Rights Reserved.

source lab4.tcl -notrace
Command: synth_design -top lab4 -part xc7a100tcsg324-1
Starting synth_design
Attempting to get a license for feature 'Synthesis' and/or device 'xc7a100t-csg324'
INFO: [Common 17-349] Got license for feature 'Synthesis' and/or device 'xc7a100t-csg324'
INFO: Launching helper process for spawning children vivado processes
INFO: Helper process launched with PID 8224 
---------------------------------------------------------------------------------
Starting Synthesize : Time (s): cpu = 00:00:03 ; elapsed = 00:00:02 . Memory (MB): peak = 308.887 ; gain = 78.746
---------------------------------------------------------------------------------
INFO: [Synth 8-638] synthesizing module 'lab4' [C:/Users/jawaidt/Desktop/l4trw/Lab4TheRightWay/Lab4TheRightWay.srcs/sources_1/new/lab4.v:3]
ERROR: [Synth 8-434] mixed level sensitive and edge triggered event controls are not supported for synthesis [C:/Users/jawaidt/Desktop/l4trw/Lab4TheRightWay/Lab4TheRightWay.srcs/sources_1/new/lab4.v:47]
ERROR: [Synth 8-285] failed synthesizing module 'lab4' [C:/Users/jawaidt/Desktop/l4trw/Lab4TheRightWay/Lab4TheRightWay.srcs/sources_1/new/lab4.v:3]
---------------------------------------------------------------------------------
Finished Synthesize : Time (s): cpu = 00:00:03 ; elapsed = 00:00:03 . Memory (MB): peak = 348.215 ; gain = 118.074
---------------------------------------------------------------------------------
synthesize failed
2 Infos, 0 Warnings, 0 Critical Warnings and 3 Errors encountered.
synth_design failed
ERROR: [Common 17-69] Command failed: Vivado Synthesis failed
INFO: [Common 17-206] Exiting Vivado at Sat Apr 28 22:54:32 2018...
